0 info it worked if it ends with ok
1 verbose cli [ 'node', '/usr/local/bin/npm', 'run-script', 'pack' ]
2 info using npm@1.4.26
3 info using node@v0.10.31
4 verbose node symlink /usr/local/bin/node
5 verbose run-script [ 'prepack', 'pack', 'postpack' ]
6 info prepack lunchbox@1.0.0
7 info pack lunchbox@1.0.0
8 verbose unsafe-perm in lifecycle true
9 info lunchbox@1.0.0 Failed to exec pack script
10 error lunchbox@1.0.0 pack: `npm run build && npm run pack:osx && npm run pack:win`
10 error Exit status 1
11 error Failed at the lunchbox@1.0.0 pack script.
11 error This is most likely a problem with the lunchbox package,
11 error not with npm itself.
11 error Tell the author that this fails on your system:
11 error     npm run build && npm run pack:osx && npm run pack:win
11 error You can get their info via:
11 error     npm owner ls lunchbox
11 error There is likely additional logging output above.
12 error System Darwin 14.5.0
13 error command "node" "/usr/local/bin/npm" "run-script" "pack"
14 error cwd /Users/nathanlawrence/Documents/KBIA Dev/lunchbox
15 error node -v v0.10.31
16 error npm -v 1.4.26
17 error code ELIFECYCLE
18 verbose exit [ 1, true ]
